SHIN[FILE]:/root/Documents/temp/shin_php_analyzer_main_file_of_test_cases.php
SHIN[LINENO]:8
SHIN[FUNCTION_NAME]:echo/print
SHIN[WARN]:MAY BE VULNERABLE!

SHIN[FILE]:/root/Documents/temp/shin_php_analyzer_main_file_of_test_cases.php
SHIN[LINENO]:9
SHIN[FUNCTION_NAME]:echo/print
SHIN[ALERT]:VULNERABLE!

SHIN[FILE]:/root/Documents/temp/shin_php_analyzer_main_file_of_test_cases.php
SHIN[LINENO]:10
SHIN[FUNCTION_NAME]:echo/print
SHIN[ALERT]:VULNERABLE!

SHIN[FILE]:/root/Documents/temp/shin_php_analyzer_main_file_of_test_cases.php
SHIN[LINENO]:12
SHIN[FUNCTION_NAME]:echo/print
SHIN[VAR_VALUE][1]:init_compiled_var_without_spec_var
SHIN[WARN]:MAY BE VULNERABLE!

SHIN[FILE]:/root/Documents/temp/shin_php_analyzer_main_file_of_test_cases.php
SHIN[LINENO]:14
SHIN[FUNCTION_NAME]:echo/print
SHIN[VAR_VALUE][1]:init_compiled_var_with_spec_var
SHIN[ALERT]:VULNERABLE!

SHIN[FILE]:/root/Documents/temp/shin_php_analyzer_main_file_of_test_cases.php
SHIN[LINENO]:16
SHIN[FUNCTION_NAME]:echo/print
SHIN[VAR_VALUE][1]:init_spec_var
SHIN[ALERT]:VULNERABLE!

SHIN[FILE]:/root/Documents/temp/shin_php_analyzer_main_file_of_test_cases.php
SHIN[LINENO]:18
SHIN[FUNCTION_NAME]:echo/print
SHIN[ALERT]:VULNERABLE!

SHIN[FILE]:/root/Documents/temp/shin_php_analyzer_main_file_of_test_cases.php
SHIN[LINENO]:24
SHIN[FUNCTION_NAME]:echo/print
SHIN[WARN]:MAY BE VULNERABLE!

SHIN[FILE]:/root/Documents/temp/shin_php_analyzer_main_file_of_test_cases.php
SHIN[LINENO]:25
SHIN[FUNCTION_NAME]:echo/print
SHIN[ALERT]:VULNERABLE!

SHIN[FILE]:/root/Documents/temp/shin_php_analyzer_main_file_of_test_cases.php
SHIN[LINENO]:26
SHIN[FUNCTION_NAME]:echo/print
SHIN[VAR_VALUE][1]:init_compiled_var_without_spec_var
SHIN[WARN]:MAY BE VULNERABLE!

SHIN[FILE]:/root/Documents/temp/shin_php_analyzer_main_file_of_test_cases.php
SHIN[LINENO]:27
SHIN[FUNCTION_NAME]:echo/print
SHIN[VAR_VALUE][1]:init_compiled_var_with_spec_var
SHIN[ALERT]:VULNERABLE!

SHIN[FILE]:/root/Documents/temp/shin_php_analyzer_main_file_of_test_cases.php
SHIN[LINENO]:28
SHIN[FUNCTION_NAME]:echo/print
SHIN[VAR_VALUE][1]:init_spec_var
SHIN[ALERT]:VULNERABLE!

SHIN[WARN]:The variable is not initialized!
SHIN[FILE]:/root/Documents/temp/shin_php_analyzer_main_file_of_test_cases.php
SHIN[LINENO]:32
SHIN[FUNCTION]:printf
SHIN[WARN]:MAY BE VULNERABLE!

SHIN[WARN]:The variable is not initialized!
SHIN[FILE]:/root/Documents/temp/shin_php_analyzer_main_file_of_test_cases.php
SHIN[LINENO]:33
SHIN[FUNCTION]:printf
SHIN[ALERT]:VULNERABLE!

SHIN[FILE]:/root/Documents/temp/shin_php_analyzer_main_file_of_test_cases.php
SHIN[LINENO]:34
SHIN[FUNCTION]:printf
SHIN[WARN]:MAY BE VULNERABLE!

SHIN[FILE]:/root/Documents/temp/shin_php_analyzer_main_file_of_test_cases.php
SHIN[LINENO]:35
SHIN[FUNCTION]:printf
SHIN[ALERT]:VULNERABLE!

SHIN[FILE]:/root/Documents/temp/shin_php_analyzer_main_file_of_test_cases.php
SHIN[LINENO]:36
SHIN[FUNCTION]:printf
SHIN[ALERT]:VULNERABLE!

SHIN[WARN]:The variable is not initialized!
SHIN[FILE]:/root/Documents/temp/shin_php_analyzer_main_file_of_test_cases.php
SHIN[LINENO]:41
SHIN[FUNCTION]:proc_open
SHIN[WARN]:MAY BE VULNERABLE!

SHIN[WARN]:The variable is not initialized!
SHIN[FILE]:/root/Documents/temp/shin_php_analyzer_main_file_of_test_cases.php
SHIN[LINENO]:42
SHIN[FUNCTION]:exec
SHIN[ALERT]:VULNERABLE!

SHIN[FILE]:/root/Documents/temp/shin_php_analyzer_main_file_of_test_cases.php
SHIN[LINENO]:43
SHIN[FUNCTION]:exec
SHIN[WARN]:MAY BE VULNERABLE!

SHIN[FILE]:/root/Documents/temp/shin_php_analyzer_main_file_of_test_cases.php
SHIN[LINENO]:44
SHIN[FUNCTION]:exec
SHIN[ALERT]:VULNERABLE!

SHIN[FILE]:/root/Documents/temp/shin_php_analyzer_main_file_of_test_cases.php
SHIN[LINENO]:45
SHIN[FUNCTION]:system
SHIN[ALERT]:VULNERABLE!

SHIN[FILE]:/root/Documents/temp/shin_php_analyzer_main_file_of_test_cases.php
SHIN[LINENO]:52
SHIN[FUNCTION]:mysql_query
SHIN[WARN]:MAY BE VULNERABLE!

SHIN[WARN]:The variable is not initialized!
SHIN[FILE]:/root/Documents/temp/shin_php_analyzer_main_file_of_test_cases.php
SHIN[LINENO]:53
SHIN[FUNCTION]:mysqli_query
SHIN[ALERT]:VULNERABLE!

SHIN[WARN]:The variable is not initialized!
SHIN[FILE]:/root/Documents/temp/shin_php_analyzer_main_file_of_test_cases.php
SHIN[LINENO]:62
SHIN[FUNCTION]:printf
SHIN[WARN]:MAY BE VULNERABLE!

SHIN[WARN]:The variable is not initialized!
SHIN[FILE]:/root/Documents/temp/shin_php_analyzer_main_file_of_test_cases.php
SHIN[LINENO]:62
SHIN[FUNCTION]:printf
SHIN[ALERT]:VULNERABLE!

SHIN[FILE]:/root/Documents/temp/shin_php_analyzer_main_file_of_test_cases.php
SHIN[LINENO]:72
SHIN[FUNCTION_NAME]:echo/print
SHIN[VAR_VALUE][1]:my_func_with_ret_var
SHIN[WARN]:MAY BE VULNERABLE!

SHIN[WARN]:The variable is not initialized!
SHIN[FILE]:/root/Documents/temp/shin_php_analyzer_include_file_for_test_cases.php
SHIN[LINENO]:7
SHIN[FUNCTION]:mysql_query
SHIN[ALERT]:VULNERABLE!

SHIN[WARN]:The variable is not initialized!
SHIN[FILE]:/root/Documents/temp/shin_php_analyzer_include_file_for_test_cases.php
SHIN[LINENO]:8
SHIN[FUNCTION]:exec
SHIN[ALERT]:VULNERABLE!

SHIN[WARN]:The variable is not initialized!
SHIN[FILE]:/root/Documents/temp/shin_php_analyzer_include_file_for_test_cases.php
SHIN[LINENO]:7
SHIN[FUNCTION]:mysql_query
SHIN[ALERT]:VULNERABLE!

SHIN[WARN]:The variable is not initialized!
SHIN[FILE]:/root/Documents/temp/shin_php_analyzer_include_file_for_test_cases.php
SHIN[LINENO]:8
SHIN[FUNCTION]:exec
SHIN[ALERT]:VULNERABLE!

SHIN[WARN]:The variable is not initialized!
SHIN[FILE]:/root/Documents/temp/shin_php_analyzer_include_file_for_test_cases.php
SHIN[LINENO]:7
SHIN[FUNCTION]:mysql_query
SHIN[WARN]:MAY BE VULNERABLE!

SHIN[WARN]:The variable is not initialized!
SHIN[FILE]:/root/Documents/temp/shin_php_analyzer_include_file_for_test_cases.php
SHIN[LINENO]:8
SHIN[FUNCTION]:exec
SHIN[WARN]:MAY BE VULNERABLE!

SHIN[FILE]:/root/Documents/temp/shin_php_analyzer_include_file_for_test_cases.php
SHIN[LINENO]:16
SHIN[FUNCTION_NAME]:echo/print
SHIN[WARN]:MAY BE VULNERABLE!

SHIN[WARN]:The variable is not initialized!
SHIN[FILE]:/root/Documents/temp/shin_php_analyzer_include_file_for_test_cases.php
SHIN[LINENO]:17
SHIN[FUNCTION]:mysql_query
SHIN[WARN]:MAY BE VULNERABLE!

SHIN[WARN]:The variable is not initialized!
SHIN[FILE]:/root/Documents/temp/shin_php_analyzer_include_file_for_test_cases.php
SHIN[LINENO]:18
SHIN[FUNCTION]:exec
SHIN[WARN]:MAY BE VULNERABLE!

SHIN[FILE]:/root/Documents/temp/shin_php_analyzer_include_file_for_test_cases.php
SHIN[LINENO]:22
SHIN[FUNCTION_NAME]:echo/print
SHIN[VAR_VALUE][1]:my_class_var
SHIN[WARN]:MAY BE VULNERABLE!

SHIN[FILE]:/root/Documents/temp/shin_php_analyzer_include_file_for_test_cases.php
SHIN[LINENO]:23
SHIN[FUNCTION]:mysql_query
SHIN[WARN]:MAY BE VULNERABLE!

SHIN[FILE]:/root/Documents/temp/shin_php_analyzer_include_file_for_test_cases.php
SHIN[LINENO]:24
SHIN[FUNCTION]:exec
SHIN[WARN]:MAY BE VULNERABLE!

